<?xml version="1.0" encoding="UTF-8"?>
<!-- Generated by org.testng.reporters.JUnitReportReporter -->
<testsuite hostname="Sreerams-MacBook-Pro.local" failures="0" tests="1" name="com.tests.LandingpageTest" time="47.318" errors="0" timestamp="2024-04-17T18:30:03 IST" skipped="0">
  <testcase classname="com.tests.LandingpageTest" name="arraylistcheck" time="47.318"/>
  <system-out/>
</testsuite> <!-- com.tests.LandingpageTest -->
