<?xml version="1.0" encoding="UTF-8"?>
<!-- Generated by org.testng.reporters.JUnitReportReporter -->
<testsuite hostname="Sreerams-MacBook-Pro.local" failures="0" tests="1" name="com.tests.Homepagetest" time="410.617" errors="0" timestamp="2024-04-15T21:53:20 IST" skipped="0">
  <testcase classname="com.tests.Homepagetest" name="landingpage" time="410.617"/>
  <system-out/>
</testsuite> <!-- com.tests.Homepagetest -->
