<?xml version="1.0" encoding="UTF-8"?>
<!-- Generated by org.testng.reporters.JUnitReportReporter -->
<testsuite hostname="Sreerams-MacBook-Pro.local" failures="0" tests="1" name="com.tests.ErrorvalidationsTest" time="10.630" errors="0" timestamp="2024-04-18T13:48:22 IST" skipped="0">
  <testcase classname="com.tests.ErrorvalidationsTest" name="InvalidEmailFormat" time="10.630"/>
  <system-out/>
</testsuite> <!-- com.tests.ErrorvalidationsTest -->
